2023-04-27 23:40:56,296 [main] INFO  com.solvd.ta.lab2.Main - Initializing the application...
2023-04-27 23:40:56,302 [main] INFO  com.solvd.ta.lab2.Match - The match between Boca Juniors and River Plate starts now at the Santiago Bernabeu stadium!
2023-04-27 23:40:56,302 [main] INFO  com.solvd.ta.lab2.Coach - Peter is instructing his team...
2023-04-27 23:40:56,302 [main] INFO  com.solvd.ta.lab2.Coach - Edward is instructing his team...
2023-04-27 23:40:56,302 [main] INFO  com.solvd.ta.lab2.Referee - The referee John Smith is whistling...
2023-04-27 23:40:56,302 [main] INFO  com.solvd.ta.lab2.Match - Benedetto starts with possession!
2023-04-27 23:40:56,303 [main] INFO  com.solvd.ta.lab2.Match - Romero has the ball.
2023-04-27 23:40:56,303 [main] INFO  com.solvd.ta.lab2.Goalkeeper - Romero performed a goal kick.
2023-04-27 23:40:56,303 [main] INFO  com.solvd.ta.lab2.Match - Will has the ball.
2023-04-27 23:40:56,303 [main] INFO  com.solvd.ta.lab2.Defender - Will prevented a goal from being scored!
2023-04-27 23:40:56,303 [main] INFO  com.solvd.ta.lab2.Match - Sam has the ball.
2023-04-27 23:40:56,303 [main] INFO  com.solvd.ta.lab2.Midfielder - Sam is passing the ball.
2023-04-27 23:40:56,303 [main] INFO  com.solvd.ta.lab2.Match - Will has the ball.
2023-04-27 23:40:56,304 [main] INFO  com.solvd.ta.lab2.Defender - Will prevented a goal from being scored!
2023-04-27 23:40:56,304 [main] INFO  com.solvd.ta.lab2.Match - Pol has the ball.
2023-04-27 23:40:56,304 [main] INFO  com.solvd.ta.lab2.Midfielder - Pol is passing the ball.
2023-04-27 23:40:56,304 [main] INFO  com.solvd.ta.lab2.Match - Doug has the ball.
2023-04-27 23:40:56,304 [main] INFO  com.solvd.ta.lab2.Defender - Doug gave the opposing team a penalty. They scored a goal!
2023-04-27 23:40:56,304 [main] INFO  com.solvd.ta.lab2.Match - Benedetto has the ball.
2023-04-27 23:40:56,304 [main] INFO  com.solvd.ta.lab2.Striker - Benedetto missed.
2023-04-27 23:40:56,304 [main] INFO  com.solvd.ta.lab2.Match - Ramirez has the ball.
2023-04-27 23:40:56,304 [main] INFO  com.solvd.ta.lab2.Midfielder - Ramirez is passing the ball.
2023-04-27 23:40:56,304 [main] INFO  com.solvd.ta.lab2.Match - Pol has the ball.
2023-04-27 23:40:56,304 [main] INFO  com.solvd.ta.lab2.Midfielder - Pol is passing the ball.
2023-04-27 23:40:56,304 [main] INFO  com.solvd.ta.lab2.Match - Max has the ball.
2023-04-27 23:40:56,304 [main] INFO  com.solvd.ta.lab2.Midfielder - Max is passing the ball.
2023-04-27 23:40:56,305 [main] INFO  com.solvd.ta.lab2.Match - Medina has the ball.
2023-04-27 23:40:56,305 [main] INFO  com.solvd.ta.lab2.Midfielder - Medina is passing the ball.
2023-04-27 23:40:56,305 [main] INFO  com.solvd.ta.lab2.Match - Ramirez has the ball.
2023-04-27 23:40:56,305 [main] INFO  com.solvd.ta.lab2.Midfielder - Ramirez is passing the ball.
2023-04-27 23:40:56,305 [main] INFO  com.solvd.ta.lab2.Match - Fer has the ball.
2023-04-27 23:40:56,305 [main] INFO  com.solvd.ta.lab2.Midfielder - Fer is passing the ball.
2023-04-27 23:40:56,305 [main] INFO  com.solvd.ta.lab2.Match - Tim has the ball.
2023-04-27 23:40:56,305 [main] INFO  com.solvd.ta.lab2.Defender - Tim gave the opposing team a penalty. They scored a goal!
2023-04-27 23:40:56,305 [main] INFO  com.solvd.ta.lab2.Match - Tim has the ball.
2023-04-27 23:40:56,305 [main] INFO  com.solvd.ta.lab2.Defender - Tim prevented a goal from being scored!
2023-04-27 23:40:56,305 [main] INFO  com.solvd.ta.lab2.Match - Valentini has the ball.
2023-04-27 23:40:56,305 [main] INFO  com.solvd.ta.lab2.Defender - Valentini prevented a goal from being scored!
2023-04-27 23:40:56,305 [main] INFO  com.solvd.ta.lab2.Match - Valentini has the ball.
2023-04-27 23:40:56,306 [main] INFO  com.solvd.ta.lab2.Defender - Valentini prevented a goal from being scored!
2023-04-27 23:40:56,306 [main] INFO  com.solvd.ta.lab2.Match - Chelo has the ball.
2023-04-27 23:40:56,306 [main] INFO  com.solvd.ta.lab2.Defender - Chelo prevented a goal from being scored!
2023-04-27 23:40:56,306 [main] INFO  com.solvd.ta.lab2.Match - Kevin has the ball.
2023-04-27 23:40:56,306 [main] INFO  com.solvd.ta.lab2.Goalkeeper - Kevin made a great save!
2023-04-27 23:40:56,306 [main] INFO  com.solvd.ta.lab2.Match - Sam has the ball.
2023-04-27 23:40:56,306 [main] INFO  com.solvd.ta.lab2.Midfielder - Sam is passing the ball.
2023-04-27 23:40:56,306 [main] INFO  com.solvd.ta.lab2.Referee - The referee John Smith is whistling...
2023-04-27 23:40:56,306 [main] INFO  com.solvd.ta.lab2.Match - The match is over!
2023-04-27 23:40:56,306 [main] INFO  com.solvd.ta.lab2.Coach - Peter is cheering up his team...
2023-04-27 23:40:56,306 [main] INFO  com.solvd.ta.lab2.Coach - Edward is cheering up his team...
2023-04-27 23:40:56,306 [main] INFO  com.solvd.ta.lab2.Match - Boca Juniors 2 - 0 River Plate
2023-04-27 23:40:56,307 [main] INFO  com.solvd.ta.lab2.Team - Boca Juniors players are celebrating!
2023-04-27 23:41:28,470 [main] INFO  com.solvd.ta.lab2.Main - Initializing the application...
2023-04-27 23:41:28,476 [main] INFO  com.solvd.ta.lab2.Match - The match between Boca Juniors and River Plate starts now at the Santiago Bernabeu stadium!
2023-04-27 23:41:28,476 [main] INFO  com.solvd.ta.lab2.Coach - Peter is instructing his team...
2023-04-27 23:41:28,476 [main] INFO  com.solvd.ta.lab2.Coach - Edward is instructing his team...
2023-04-27 23:41:28,476 [main] INFO  com.solvd.ta.lab2.Referee - The referee John Smith is whistling...
2023-04-27 23:41:28,476 [main] INFO  com.solvd.ta.lab2.Match - Benedetto starts with possession!
2023-04-27 23:41:28,476 [main] INFO  com.solvd.ta.lab2.Match - Pol has the ball.
2023-04-27 23:41:28,476 [main] INFO  com.solvd.ta.lab2.Midfielder - Pol is passing the ball.
2023-04-27 23:41:28,477 [main] INFO  com.solvd.ta.lab2.Match - Harry has the ball.
2023-04-27 23:41:28,477 [main] INFO  com.solvd.ta.lab2.Midfielder - Harry is passing the ball.
2023-04-27 23:41:28,477 [main] INFO  com.solvd.ta.lab2.Match - Max has the ball.
2023-04-27 23:41:28,477 [main] INFO  com.solvd.ta.lab2.Midfielder - Max is passing the ball.
2023-04-27 23:41:28,477 [main] INFO  com.solvd.ta.lab2.Match - Pol has the ball.
2023-04-27 23:41:28,477 [main] INFO  com.solvd.ta.lab2.Midfielder - Pol is passing the ball.
2023-04-27 23:41:28,477 [main] INFO  com.solvd.ta.lab2.Match - Will has the ball.
2023-04-27 23:41:28,477 [main] INFO  com.solvd.ta.lab2.Defender - Will prevented a goal from being scored!
2023-04-27 23:41:28,478 [main] INFO  com.solvd.ta.lab2.Match - Barco has the ball.
2023-04-27 23:41:28,478 [main] INFO  com.solvd.ta.lab2.Defender - Barco prevented a goal from being scored!
2023-04-27 23:41:28,478 [main] INFO  com.solvd.ta.lab2.Match - Pol has the ball.
2023-04-27 23:41:28,478 [main] INFO  com.solvd.ta.lab2.Midfielder - Pol is passing the ball.
2023-04-27 23:41:28,478 [main] INFO  com.solvd.ta.lab2.Match - Benedetto has the ball.
2023-04-27 23:41:28,478 [main] INFO  com.solvd.ta.lab2.Striker - Benedetto missed.
2023-04-27 23:41:28,478 [main] INFO  com.solvd.ta.lab2.Match - Fer has the ball.
2023-04-27 23:41:28,478 [main] INFO  com.solvd.ta.lab2.Midfielder - Fer is passing the ball.
2023-04-27 23:41:28,478 [main] INFO  com.solvd.ta.lab2.Match - Benedetto has the ball.
2023-04-27 23:41:28,479 [main] INFO  com.solvd.ta.lab2.Striker - Benedetto scored a goal!
2023-04-27 23:41:28,479 [main] INFO  com.solvd.ta.lab2.Player - Benedetto is celebrating!
2023-04-27 23:41:28,479 [main] INFO  com.solvd.ta.lab2.Match - Varela has the ball.
2023-04-27 23:41:28,479 [main] INFO  com.solvd.ta.lab2.Midfielder - Varela is passing the ball.
2023-04-27 23:41:28,479 [main] INFO  com.solvd.ta.lab2.Match - Romero has the ball.
2023-04-27 23:41:28,479 [main] INFO  com.solvd.ta.lab2.Goalkeeper - Romero made a great save!
2023-04-27 23:41:28,480 [main] INFO  com.solvd.ta.lab2.Match - Max has the ball.
2023-04-27 23:41:28,480 [main] INFO  com.solvd.ta.lab2.Midfielder - Max is passing the ball.
2023-04-27 23:41:28,480 [main] INFO  com.solvd.ta.lab2.Match - Fer has the ball.
2023-04-27 23:41:28,480 [main] INFO  com.solvd.ta.lab2.Midfielder - Fer is passing the ball.
2023-04-27 23:41:28,480 [main] INFO  com.solvd.ta.lab2.Match - Figal has the ball.
2023-04-27 23:41:28,480 [main] INFO  com.solvd.ta.lab2.Defender - Figal prevented a goal from being scored!
2023-04-27 23:41:28,480 [main] INFO  com.solvd.ta.lab2.Match - Sam has the ball.
2023-04-27 23:41:28,480 [main] INFO  com.solvd.ta.lab2.Midfielder - Sam is passing the ball.
2023-04-27 23:41:28,480 [main] INFO  com.solvd.ta.lab2.Match - Valentini has the ball.
2023-04-27 23:41:28,481 [main] INFO  com.solvd.ta.lab2.Defender - Valentini prevented a goal from being scored!
2023-04-27 23:41:28,481 [main] INFO  com.solvd.ta.lab2.Match - Kevin has the ball.
2023-04-27 23:41:28,481 [main] INFO  com.solvd.ta.lab2.Goalkeeper - Kevin performed a goal kick.
2023-04-27 23:41:28,481 [main] INFO  com.solvd.ta.lab2.Match - Tim has the ball.
2023-04-27 23:41:28,481 [main] INFO  com.solvd.ta.lab2.Defender - Tim prevented a goal from being scored!
2023-04-27 23:41:28,481 [main] INFO  com.solvd.ta.lab2.Match - Will has the ball.
2023-04-27 23:41:28,481 [main] INFO  com.solvd.ta.lab2.Defender - Will prevented a goal from being scored!
2023-04-27 23:41:28,481 [main] INFO  com.solvd.ta.lab2.Referee - The referee John Smith is whistling...
2023-04-27 23:41:28,482 [main] INFO  com.solvd.ta.lab2.Match - The match is over!
2023-04-27 23:41:28,482 [main] INFO  com.solvd.ta.lab2.Coach - Peter is cheering up his team...
2023-04-27 23:41:28,482 [main] INFO  com.solvd.ta.lab2.Coach - Edward is cheering up his team...
2023-04-27 23:41:28,482 [main] INFO  com.solvd.ta.lab2.Match - Boca Juniors 1 - 0 River Plate
2023-04-27 23:41:28,482 [main] INFO  com.solvd.ta.lab2.Team - Boca Juniors players are celebrating!
2023-04-27 23:41:58,938 [main] INFO  com.solvd.ta.lab2.Main - Initializing the application...
2023-04-27 23:41:58,945 [main] INFO  com.solvd.ta.lab2.Match - The match between Boca Juniors and River Plate starts now at the Santiago Bernabeu stadium!
2023-04-27 23:41:58,945 [main] INFO  com.solvd.ta.lab2.Coach - Peter is instructing his team...
2023-04-27 23:41:58,945 [main] INFO  com.solvd.ta.lab2.Coach - Edward is instructing his team...
2023-04-27 23:41:58,946 [main] ERROR com.solvd.ta.lab2.Match - Referee name not found.
